[debug] [2018-04-19T00:54:40.545Z] ----------------------------------------------------------------------
[debug] [2018-04-19T00:54:40.547Z] Command:       /usr/local/bin/node /usr/local/bin/firebase deploy
[debug] [2018-04-19T00:54:40.547Z] CLI Version:   3.17.7
[debug] [2018-04-19T00:54:40.547Z] Platform:      darwin
[debug] [2018-04-19T00:54:40.547Z] Node Version:  v8.10.0
[debug] [2018-04-19T00:54:40.548Z] Time:          Thu Apr 19 2018 02:54:40 GMT+0200 (CEST)
[debug] [2018-04-19T00:54:40.548Z] ----------------------------------------------------------------------
[debug] 
[debug] [2018-04-19T00:54:40.561Z] > command requires scopes: ["email","openid","https://www.googleapis.com/auth/cloudplatformprojects.readonly","https://www.googleapis.com/auth/firebase","https://www.googleapis.com/auth/cloud-platform"]
[debug] [2018-04-19T00:54:40.561Z] > authorizing via signed-in user
[debug] [2018-04-19T00:54:40.563Z] >>> HTTP REQUEST GET https://admin.firebase.com/v1/projects/iconica-sbadge  
  
 Thu Apr 19 2018 02:54:40 GMT+0200 (CEST)
[debug] [2018-04-19T00:54:41.215Z] <<< HTTP RESPONSE 200
[debug] [2018-04-19T00:54:41.216Z] >>> HTTP REQUEST GET https://admin.firebase.com/v1/database/iconica-sbadge/tokens  
  
 Thu Apr 19 2018 02:54:41 GMT+0200 (CEST)
[debug] [2018-04-19T00:54:42.076Z] <<< HTTP RESPONSE 200
[info] 
[info] === Deploying to 'iconica-sbadge'...
[info] 
[info] i  deploying hosting
[info] i  hosting: preparing public directory for upload...
